<?xml version="1.0" encoding="UTF-8"?>
<testng-results ignored="0" total="4" passed="4" failed="0" skipped="0">
  <reporter-output>
  </reporter-output>
  <suite started-at="2025-07-27T03:25:22 IST" name="Surefire suite" finished-at="2025-07-27T03:25:50 IST" duration-ms="28655">
    <groups>
      <group name="cucumber">
        <method signature="AbstractTestNGCucumberTests.runScenario(io.cucumber.testng.PickleWrapper,io.cucumber.testng.FeatureWrapper)[pri:0, instance:cucmberOptions.TestRunner@5dcd8c7a]" name="runScenario" class="io.cucumber.testng.AbstractTestNGCucumberTests"/>
      </group> <!-- cucumber -->
    </groups>
    <test started-at="2025-07-27T03:25:22 IST" name="Surefire test" finished-at="2025-07-27T03:25:50 IST" duration-ms="28655">
      <class name="cucmberOptions.TestRunner">
        <test-method is-config="true" signature="setUpClass(org.testng.ITestContext)[pri:0, instance:cucmberOptions.TestRunner@5dcd8c7a]" started-at="2025-07-27T03:25:22 IST" name="setUpClass" finished-at="2025-07-27T03:25:22 IST" duration-ms="695" status="PASS">
          <params>
            <param index="0">
              <value>
                <![CDATA[org.testng.TestRunner@3cf70afa]]>
              </value>
            </param>
          </params>
          <reporter-output>
          </reporter-output>
        </test-method> <!-- setUpClass -->
        <test-method signature="runScenario(io.cucumber.testng.PickleWrapper,io.cucumber.testng.FeatureWrapper)[pri:0, instance:cucmberOptions.TestRunner@5dcd8c7a]" started-at="2025-07-27T03:25:22 IST" name="runScenario" description="Runs Cucumber Scenarios" data-provider="scenarios" finished-at="2025-07-27T03:25:31 IST" duration-ms="8931" status="PASS">
          <params>
            <param index="0">
              <value>
                <![CDATA["Perform AddPlace API to add places-->Perform DeletePlace API-->GetPlace of that Deleted-API"]]>
              </value>
            </param>
            <param index="1">
              <value>
                <![CDATA["Perform and Validate Add/Delete/Get Place API working"]]>
              </value>
            </param>
          </params>
          <reporter-output>
          </reporter-output>
        </test-method> <!-- runScenario -->
        <test-method signature="runScenario(io.cucumber.testng.PickleWrapper,io.cucumber.testng.FeatureWrapper)[pri:0, instance:cucmberOptions.TestRunner@5dcd8c7a]" started-at="2025-07-27T03:25:31 IST" name="runScenario" description="Runs Cucumber Scenarios" data-provider="scenarios" finished-at="2025-07-27T03:25:38 IST" duration-ms="6873" status="PASS">
          <params>
            <param index="0">
              <value>
                <![CDATA["Perform AddPlace API to add places-->Perform DeletePlace API-->GetPlace of that Deleted-API"]]>
              </value>
            </param>
            <param index="1">
              <value>
                <![CDATA["Perform and Validate Add/Delete/Get Place API working"]]>
              </value>
            </param>
          </params>
          <reporter-output>
          </reporter-output>
        </test-method> <!-- runScenario -->
        <test-method signature="runScenario(io.cucumber.testng.PickleWrapper,io.cucumber.testng.FeatureWrapper)[pri:0, instance:cucmberOptions.TestRunner@5dcd8c7a]" started-at="2025-07-27T03:25:38 IST" name="runScenario" description="Runs Cucumber Scenarios" data-provider="scenarios" finished-at="2025-07-27T03:25:44 IST" duration-ms="5931" status="PASS">
          <params>
            <param index="0">
              <value>
                <![CDATA["Perform AddPlace API to add places-->Perform DeletePlace API-->GetPlace of that Deleted-API"]]>
              </value>
            </param>
            <param index="1">
              <value>
                <![CDATA["Perform and Validate Add/Delete/Get Place API working"]]>
              </value>
            </param>
          </params>
          <reporter-output>
          </reporter-output>
        </test-method> <!-- runScenario -->
        <test-method signature="runScenario(io.cucumber.testng.PickleWrapper,io.cucumber.testng.FeatureWrapper)[pri:0, instance:cucmberOptions.TestRunner@5dcd8c7a]" started-at="2025-07-27T03:25:44 IST" name="runScenario" description="Runs Cucumber Scenarios" data-provider="scenarios" finished-at="2025-07-27T03:25:50 IST" duration-ms="6068" status="PASS">
          <params>
            <param index="0">
              <value>
                <![CDATA["Perform AddPlace API to add places-->Perform DeletePlace API-->GetPlace of that Deleted-API"]]>
              </value>
            </param>
            <param index="1">
              <value>
                <![CDATA["Perform and Validate Add/Delete/Get Place API working"]]>
              </value>
            </param>
          </params>
          <reporter-output>
          </reporter-output>
        </test-method> <!-- runScenario -->
        <test-method is-config="true" signature="tearDownClass()[pri:0, instance:cucmberOptions.TestRunner@5dcd8c7a]" started-at="2025-07-27T03:25:50 IST" name="tearDownClass" finished-at="2025-07-27T03:25:50 IST" duration-ms="95" status="PASS">
          <reporter-output>
          </reporter-output>
        </test-method> <!-- tearDownClass -->
      </class> <!-- cucmberOptions.TestRunner -->
    </test> <!-- Surefire test -->
  </suite> <!-- Surefire suite -->
</testng-results>
