<?xml version="1.0" encoding="UTF-8"?>
<testsuite xmlns:xsi="http://www.w3.org/2001/XMLSchema-instance" xsi:noNamespaceSchemaLocation="https://maven.apache.org/surefire/maven-surefire-plugin/xsd/surefire-test-report-3.0.xsd" version="3.0" name="cucmberOptions.TestRunner" time="29.864" tests="4" errors="0" skipped="0" failures="0">
  <properties>
[...]
</properties>
  <testcase name="runScenario[&quot;Perform AddPlace API to add places--&gt;Perform DeletePlace API--&gt;GetPlace of that Deleted-API&quot;, &quot;Perform and Validate Add/Delete/Get Place API working&quot;](1)" classname="cucmberOptions.TestRunner" time="8.935">
    <system-out><![CDATA[03:25:27.125 [main] INFO  stepDefinations.stepDefinations - Place ID is = c6fb29860153164d486b5aa74ef3086e
03:25:29.920 [main] INFO  stepDefinations.stepDefinations - Delete Operation Success.STATUS = OK
03:25:31.740 [main] INFO  stepDefinations.stepDefinations - Get operation failed, looks like place_id  doesn't exists
]]></system-out>
  </testcase>
  <testcase name="runScenario[&quot;Perform AddPlace API to add places--&gt;Perform DeletePlace API--&gt;GetPlace of that Deleted-API&quot;, &quot;Perform and Validate Add/Delete/Get Place API working&quot;](2)" classname="cucmberOptions.TestRunner" time="6.878">
    <system-out><![CDATA[03:25:32.884 [main] INFO  stepDefinations.stepDefinations - Place ID is = 4b192ad5529596882fadf97c63570021
03:25:36.389 [main] INFO  stepDefinations.stepDefinations - Delete Operation Success.STATUS = OK
03:25:38.621 [main] INFO  stepDefinations.stepDefinations - Get operation failed, looks like place_id  doesn't exists
]]></system-out>
  </testcase>
  <testcase name="runScenario[&quot;Perform AddPlace API to add places--&gt;Perform DeletePlace API--&gt;GetPlace of that Deleted-API&quot;, &quot;Perform and Validate Add/Delete/Get Place API working&quot;](3)" classname="cucmberOptions.TestRunner" time="5.926">
    <system-out><![CDATA[03:25:39.651 [main] INFO  stepDefinations.stepDefinations - Place ID is = 7bf5c89ca3ae9cc2dbfe8091baf9ec70
03:25:42.562 [main] INFO  stepDefinations.stepDefinations - Delete Operation Success.STATUS = OK
03:25:44.554 [main] INFO  stepDefinations.stepDefinations - Get operation failed, looks like place_id  doesn't exists
]]></system-out>
  </testcase>
  <testcase name="runScenario[&quot;Perform AddPlace API to add places--&gt;Perform DeletePlace API--&gt;GetPlace of that Deleted-API&quot;, &quot;Perform and Validate Add/Delete/Get Place API working&quot;](4)" classname="cucmberOptions.TestRunner" time="6.057">
    <system-out><![CDATA[03:25:45.513 [main] INFO  stepDefinations.stepDefinations - Place ID is = f229d30348bd06352a8eea827f7d327a
03:25:48.383 [main] INFO  stepDefinations.stepDefinations - Delete Operation Success.STATUS = OK
03:25:50.623 [main] INFO  stepDefinations.stepDefinations - Get operation failed, looks like place_id  doesn't exists
]]></system-out>
  </testcase>
</testsuite>