<?xml version="1.0" encoding="UTF-8"?>
<testng-results ignored="0" total="4" passed="4" failed="0" skipped="0">
  <reporter-output>
  </reporter-output>
  <suite started-at="2025-08-02T01:02:38 IST" name="Default suite" finished-at="2025-08-02T01:03:04 IST" duration-ms="26193">
    <groups>
      <group name="cucumber">
        <method signature="AbstractTestNGCucumberTests.runScenario(io.cucumber.testng.PickleWrapper,io.cucumber.testng.FeatureWrapper)[pri:0, instance:cucmberOptions.TestRunner@5af28b27]" name="runScenario" class="io.cucumber.testng.AbstractTestNGCucumberTests"/>
      </group> <!-- cucumber -->
    </groups>
    <test started-at="2025-08-02T01:02:38 IST" name="Default test" finished-at="2025-08-02T01:03:04 IST" duration-ms="26193">
      <class name="cucmberOptions.TestRunner">
        <test-method is-config="true" signature="setUpClass(org.testng.ITestContext)[pri:0, instance:cucmberOptions.TestRunner@5af28b27]" started-at="2025-08-02T01:02:38 IST" name="setUpClass" finished-at="2025-08-02T01:02:39 IST" duration-ms="609" status="PASS">
          <params>
            <param index="0">
              <value>
                <![CDATA[org.testng.TestRunner@40fee459]]>
              </value>
            </param>
          </params>
          <reporter-output>
          </reporter-output>
        </test-method> <!-- setUpClass -->
        <test-method signature="runScenario(io.cucumber.testng.PickleWrapper,io.cucumber.testng.FeatureWrapper)[pri:0, instance:cucmberOptions.TestRunner@5af28b27]" started-at="2025-08-02T01:02:39 IST" name="runScenario" description="Runs Cucumber Scenarios" data-provider="scenarios" finished-at="2025-08-02T01:02:48 IST" duration-ms="8894" status="PASS">
          <params>
            <param index="0">
              <value>
                <![CDATA["Perform AddPlace API to add places-->Perform DeletePlace API-->GetPlace of that Deleted-API"]]>
              </value>
            </param>
            <param index="1">
              <value>
                <![CDATA["Perform and Validate Add/Delete/Get Place API working"]]>
              </value>
            </param>
          </params>
          <reporter-output>
          </reporter-output>
        </test-method> <!-- runScenario -->
        <test-method signature="runScenario(io.cucumber.testng.PickleWrapper,io.cucumber.testng.FeatureWrapper)[pri:0, instance:cucmberOptions.TestRunner@5af28b27]" started-at="2025-08-02T01:02:48 IST" name="runScenario" description="Runs Cucumber Scenarios" data-provider="scenarios" finished-at="2025-08-02T01:02:53 IST" duration-ms="5186" status="PASS">
          <params>
            <param index="0">
              <value>
                <![CDATA["Perform AddPlace API to add places-->Perform DeletePlace API-->GetPlace of that Deleted-API"]]>
              </value>
            </param>
            <param index="1">
              <value>
                <![CDATA["Perform and Validate Add/Delete/Get Place API working"]]>
              </value>
            </param>
          </params>
          <reporter-output>
          </reporter-output>
        </test-method> <!-- runScenario -->
        <test-method signature="runScenario(io.cucumber.testng.PickleWrapper,io.cucumber.testng.FeatureWrapper)[pri:0, instance:cucmberOptions.TestRunner@5af28b27]" started-at="2025-08-02T01:02:53 IST" name="runScenario" description="Runs Cucumber Scenarios" data-provider="scenarios" finished-at="2025-08-02T01:02:58 IST" duration-ms="5238" status="PASS">
          <params>
            <param index="0">
              <value>
                <![CDATA["Perform AddPlace API to add places-->Perform DeletePlace API-->GetPlace of that Deleted-API"]]>
              </value>
            </param>
            <param index="1">
              <value>
                <![CDATA["Perform and Validate Add/Delete/Get Place API working"]]>
              </value>
            </param>
          </params>
          <reporter-output>
          </reporter-output>
        </test-method> <!-- runScenario -->
        <test-method signature="runScenario(io.cucumber.testng.PickleWrapper,io.cucumber.testng.FeatureWrapper)[pri:0, instance:cucmberOptions.TestRunner@5af28b27]" started-at="2025-08-02T01:02:58 IST" name="runScenario" description="Runs Cucumber Scenarios" data-provider="scenarios" finished-at="2025-08-02T01:03:04 IST" duration-ms="6143" status="PASS">
          <params>
            <param index="0">
              <value>
                <![CDATA["Perform AddPlace API to add places-->Perform DeletePlace API-->GetPlace of that Deleted-API"]]>
              </value>
            </param>
            <param index="1">
              <value>
                <![CDATA["Perform and Validate Add/Delete/Get Place API working"]]>
              </value>
            </param>
          </params>
          <reporter-output>
          </reporter-output>
        </test-method> <!-- runScenario -->
        <test-method is-config="true" signature="tearDownClass()[pri:0, instance:cucmberOptions.TestRunner@5af28b27]" started-at="2025-08-02T01:03:04 IST" name="tearDownClass" finished-at="2025-08-02T01:03:04 IST" duration-ms="72" status="PASS">
          <reporter-output>
          </reporter-output>
        </test-method> <!-- tearDownClass -->
      </class> <!-- cucmberOptions.TestRunner -->
    </test> <!-- Default test -->
  </suite> <!-- Default suite -->
</testng-results>
